<?xml version="1.0" encoding="UTF-8"?>
<!-- Generated by org.testng.reporters.JUnitXMLReporter -->
<testsuite ignored="0" hostname="LAPTOP-72CGLFOI" failures="0" tests="4" name="Test" time="221.516" errors="0" timestamp="2020-04-13T09:01:39 IST">
  <testcase classname="ctsNaukriProject.Runner.ctsNaukriProjectRunner" name="login" time="93.495"/>
  <testcase classname="ctsNaukriProject.Runner.ctsNaukriProjectRunner2" name="login" time="43.512"/>
  <testcase classname="ctsNaukriProject.Runner.ctsNaukriProjectRunner3" name="login" time="50.302"/>
  <testcase classname="ctsNaukriProject.Runner.ctsNaukriProjectRunner4" name="login" time="32.444"/>
</testsuite> <!-- Test -->
