<?xml version="1.0" encoding="UTF-8"?>
<testng-results ignored="0" total="4" passed="4" failed="0" skipped="0">
  <reporter-output>
  </reporter-output>
  <suite started-at="2020-04-13T08:57:58 IST" name="Suite" finished-at="2020-04-13T09:01:39 IST" duration-ms="221516">
    <groups>
    </groups>
    <test started-at="2020-04-13T08:57:58 IST" name="Test" finished-at="2020-04-13T09:01:39 IST" duration-ms="221516">
      <class name="ctsNaukriProject.Runner.ctsNaukriProjectRunner">
        <test-method is-config="true" signature="setUP()[pri:0, instance:ctsNaukriProject.Runner.ctsNaukriProjectRunner@5be6e01c]" started-at="2020-04-13T08:57:58 IST" name="setUP" finished-at="2020-04-13T08:57:58 IST" duration-ms="638" status="PASS">
          <reporter-output>
          </reporter-output>
        </test-method> <!-- setUP -->
        <test-method signature="login(cucumber.api.testng.CucumberFeatureWrapper)[pri:0, instance:ctsNaukriProject.Runner.ctsNaukriProjectRunner@5be6e01c]" started-at="2020-04-13T08:57:59 IST" name="login" description="login" data-provider="features" finished-at="2020-04-13T08:59:32 IST" duration-ms="93495" status="PASS">
          <params>
            <param index="0">
              <value>
                <![CDATA[Test Naukri valid credentials Login]]>
              </value>
            </param>
          </params>
          <reporter-output>
          </reporter-output>
        </test-method> <!-- login -->
        <test-method is-config="true" signature="tearDown()[pri:0, instance:ctsNaukriProject.Runner.ctsNaukriProjectRunner@5be6e01c]" started-at="2020-04-13T08:59:32 IST" name="tearDown" finished-at="2020-04-13T08:59:32 IST" duration-ms="253" status="PASS">
          <reporter-output>
          </reporter-output>
        </test-method> <!-- tearDown -->
      </class> <!-- ctsNaukriProject.Runner.ctsNaukriProjectRunner -->
      <class name="ctsNaukriProject.Runner.ctsNaukriProjectRunner4">
        <test-method is-config="true" signature="setUP()[pri:0, instance:ctsNaukriProject.Runner.ctsNaukriProjectRunner4@10e92f8f]" started-at="2020-04-13T09:01:07 IST" name="setUP" finished-at="2020-04-13T09:01:07 IST" duration-ms="40" status="PASS">
          <reporter-output>
          </reporter-output>
        </test-method> <!-- setUP -->
        <test-method signature="login(cucumber.api.testng.CucumberFeatureWrapper)[pri:0, instance:ctsNaukriProject.Runner.ctsNaukriProjectRunner4@10e92f8f]" started-at="2020-04-13T09:01:07 IST" name="login" description="login" data-provider="features" finished-at="2020-04-13T09:01:39 IST" duration-ms="32444" status="PASS">
          <params>
            <param index="0">
              <value>
                <![CDATA[Test Naukri with invalid credentials Login]]>
              </value>
            </param>
          </params>
          <reporter-output>
          </reporter-output>
        </test-method> <!-- login -->
        <test-method is-config="true" signature="tearDown()[pri:0, instance:ctsNaukriProject.Runner.ctsNaukriProjectRunner4@10e92f8f]" started-at="2020-04-13T09:01:39 IST" name="tearDown" finished-at="2020-04-13T09:01:39 IST" duration-ms="121" status="PASS">
          <reporter-output>
          </reporter-output>
        </test-method> <!-- tearDown -->
      </class> <!-- ctsNaukriProject.Runner.ctsNaukriProjectRunner4 -->
      <class name="ctsNaukriProject.Runner.ctsNaukriProjectRunner2">
        <test-method is-config="true" signature="setUP()[pri:0, instance:ctsNaukriProject.Runner.ctsNaukriProjectRunner2@1c93084c]" started-at="2020-04-13T08:59:32 IST" name="setUP" finished-at="2020-04-13T08:59:32 IST" duration-ms="40" status="PASS">
          <reporter-output>
          </reporter-output>
        </test-method> <!-- setUP -->
        <test-method signature="login(cucumber.api.testng.CucumberFeatureWrapper)[pri:0, instance:ctsNaukriProject.Runner.ctsNaukriProjectRunner2@1c93084c]" started-at="2020-04-13T08:59:33 IST" name="login" description="login" data-provider="features" finished-at="2020-04-13T09:00:16 IST" duration-ms="43512" status="PASS">
          <params>
            <param index="0">
              <value>
                <![CDATA[search element from home page using getText]]>
              </value>
            </param>
          </params>
          <reporter-output>
          </reporter-output>
        </test-method> <!-- login -->
        <test-method is-config="true" signature="tearDown()[pri:0, instance:ctsNaukriProject.Runner.ctsNaukriProjectRunner2@1c93084c]" started-at="2020-04-13T09:00:16 IST" name="tearDown" finished-at="2020-04-13T09:00:16 IST" duration-ms="88" status="PASS">
          <reporter-output>
          </reporter-output>
        </test-method> <!-- tearDown -->
      </class> <!-- ctsNaukriProject.Runner.ctsNaukriProjectRunner2 -->
      <class name="ctsNaukriProject.Runner.ctsNaukriProjectRunner3">
        <test-method is-config="true" signature="setUP()[pri:0, instance:ctsNaukriProject.Runner.ctsNaukriProjectRunner3@6ef888f6]" started-at="2020-04-13T09:00:16 IST" name="setUP" finished-at="2020-04-13T09:00:16 IST" duration-ms="35" status="PASS">
          <reporter-output>
          </reporter-output>
        </test-method> <!-- setUP -->
        <test-method signature="login(cucumber.api.testng.CucumberFeatureWrapper)[pri:0, instance:ctsNaukriProject.Runner.ctsNaukriProjectRunner3@6ef888f6]" started-at="2020-04-13T09:00:16 IST" name="login" description="login" data-provider="features" finished-at="2020-04-13T09:01:06 IST" duration-ms="50302" status="PASS">
          <params>
            <param index="0">
              <value>
                <![CDATA[Doing Mouse Hover Actions]]>
              </value>
            </param>
          </params>
          <reporter-output>
          </reporter-output>
        </test-method> <!-- login -->
        <test-method is-config="true" signature="tearDown()[pri:0, instance:ctsNaukriProject.Runner.ctsNaukriProjectRunner3@6ef888f6]" started-at="2020-04-13T09:01:06 IST" name="tearDown" finished-at="2020-04-13T09:01:07 IST" duration-ms="194" status="PASS">
          <reporter-output>
          </reporter-output>
        </test-method> <!-- tearDown -->
      </class> <!-- ctsNaukriProject.Runner.ctsNaukriProjectRunner3 -->
    </test> <!-- Test -->
  </suite> <!-- Suite -->
</testng-results>
